<?xml version="1.0" encoding="UTF-8"?>
<testng-results ignored="0" total="2" passed="2" failed="0" skipped="0">
  <reporter-output>
  </reporter-output>
  <suite started-at="2023-07-31T09:55:37 PDT" name="Default suite" finished-at="2023-07-31T09:56:02 PDT" duration-ms="24998">
    <groups>
    </groups>
    <test started-at="2023-07-31T09:55:37 PDT" name="Default test" finished-at="2023-07-31T09:56:02 PDT" duration-ms="24998">
      <class name="org.qa.test.LoginPageTest">
        <test-method is-config="true" signature="initLaunchPage()[pri:0, instance:org.qa.test.LoginPageTest@2d3379b4]" started-at="2023-07-31T09:55:37 PDT" name="initLaunchPage" finished-at="2023-07-31T09:55:44 PDT" duration-ms="6680" status="PASS">
          <reporter-output>
          </reporter-output>
        </test-method> <!-- initLaunchPage -->
        <test-method signature="clickLogin(org.qa.data.UserTestData)[pri:0, instance:org.qa.test.LoginPageTest@2d3379b4]" started-at="2023-07-31T09:55:44 PDT" name="clickLogin" data-provider="getLoginData" finished-at="2023-07-31T09:55:51 PDT" duration-ms="7052" status="PASS">
          <params>
            <param index="0">
              <value>
                <![CDATA[org.qa.data.UserTestData@61c76850]]>
              </value>
            </param>
          </params>
          <reporter-output>
          </reporter-output>
        </test-method> <!-- clickLogin -->
        <test-method is-config="true" signature="quitBrowser()[pri:0, instance:org.qa.test.LoginPageTest@2d3379b4]" started-at="2023-07-31T09:55:51 PDT" name="quitBrowser" finished-at="2023-07-31T09:55:52 PDT" duration-ms="1293" status="PASS">
          <reporter-output>
          </reporter-output>
        </test-method> <!-- quitBrowser -->
        <test-method is-config="true" signature="initLaunchPage()[pri:0, instance:org.qa.test.LoginPageTest@2d3379b4]" started-at="2023-07-31T09:55:52 PDT" name="initLaunchPage" finished-at="2023-07-31T09:55:58 PDT" duration-ms="5389" status="PASS">
          <reporter-output>
          </reporter-output>
        </test-method> <!-- initLaunchPage -->
        <test-method signature="clickLogin(org.qa.data.UserTestData)[pri:0, instance:org.qa.test.LoginPageTest@2d3379b4]" started-at="2023-07-31T09:55:58 PDT" name="clickLogin" data-provider="getLoginData" finished-at="2023-07-31T09:56:00 PDT" duration-ms="2632" status="PASS">
          <params>
            <param index="0">
              <value>
                <![CDATA[org.qa.data.UserTestData@45f421c]]>
              </value>
            </param>
          </params>
          <reporter-output>
          </reporter-output>
        </test-method> <!-- clickLogin -->
        <test-method is-config="true" signature="quitBrowser()[pri:0, instance:org.qa.test.LoginPageTest@2d3379b4]" started-at="2023-07-31T09:56:00 PDT" name="quitBrowser" finished-at="2023-07-31T09:56:02 PDT" duration-ms="1711" status="PASS">
          <reporter-output>
          </reporter-output>
        </test-method> <!-- quitBrowser -->
      </class> <!-- org.qa.test.LoginPageTest -->
    </test> <!-- Default test -->
  </suite> <!-- Default suite -->
</testng-results>
